/home/ibrahim/ASIMOV/install/controller/lib/python3.10/site-packages/controller/arm_driver.py
/home/ibrahim/ASIMOV/install/controller/lib/python3.10/site-packages/controller/motor_driver.py
/home/ibrahim/ASIMOV/install/controller/lib/python3.10/site-packages/controller/keyboard_node.py
/home/ibrahim/ASIMOV/install/controller/lib/python3.10/site-packages/controller/__init__.py
/home/ibrahim/ASIMOV/install/controller/lib/python3.10/site-packages/controller/__pycache__/arm_driver.cpython-310.pyc
/home/ibrahim/ASIMOV/install/controller/lib/python3.10/site-packages/controller/__pycache__/motor_driver.cpython-310.pyc
/home/ibrahim/ASIMOV/install/controller/lib/python3.10/site-packages/controller/__pycache__/keyboard_node.cpython-310.pyc
/home/ibrahim/ASIMOV/install/controller/lib/python3.10/site-packages/controller/__pycache__/__init__.cpython-310.pyc
/home/ibrahim/ASIMOV/install/controller/share/ament_index/resource_index/packages/controller
/home/ibrahim/ASIMOV/install/controller/share/controller/package.xml
/home/ibrahim/ASIMOV/install/controller/share/controller/launch/keyboard.launch.py
/home/ibrahim/ASIMOV/install/controller/share/controller/launch/motor.launch.py
/home/ibrahim/ASIMOV/install/controller/share/controller/launch/arm.launch.py
/home/ibrahim/ASIMOV/install/controller/share/controller/launch/joystick.launch.py
/home/ibrahim/ASIMOV/install/controller/share/controller/config/joystick.yaml
/home/ibrahim/ASIMOV/install/controller/lib/python3.10/site-packages/controller-0.0.0-py3.10.egg-info/top_level.txt
/home/ibrahim/ASIMOV/install/controller/lib/python3.10/site-packages/controller-0.0.0-py3.10.egg-info/SOURCES.txt
/home/ibrahim/ASIMOV/install/controller/lib/python3.10/site-packages/controller-0.0.0-py3.10.egg-info/entry_points.txt
/home/ibrahim/ASIMOV/install/controller/lib/python3.10/site-packages/controller-0.0.0-py3.10.egg-info/dependency_links.txt
/home/ibrahim/ASIMOV/install/controller/lib/python3.10/site-packages/controller-0.0.0-py3.10.egg-info/zip-safe
/home/ibrahim/ASIMOV/install/controller/lib/python3.10/site-packages/controller-0.0.0-py3.10.egg-info/requires.txt
/home/ibrahim/ASIMOV/install/controller/lib/python3.10/site-packages/controller-0.0.0-py3.10.egg-info/PKG-INFO
/home/ibrahim/ASIMOV/install/controller/lib/controller/arm_driver
/home/ibrahim/ASIMOV/install/controller/lib/controller/joystick
/home/ibrahim/ASIMOV/install/controller/lib/controller/keyboard_node
/home/ibrahim/ASIMOV/install/controller/lib/controller/motor
/home/ibrahim/ASIMOV/install/controller/lib/controller/motor_driver
