running egg_info
creating ../../build/controller/controller.egg-info
writing ../../build/controller/controller.egg-info/PKG-INFO
writing dependency_links to ../../build/controller/controller.egg-info/dependency_links.txt
writing entry points to ../../build/controller/controller.egg-info/entry_points.txt
writing requirements to ../../build/controller/controller.egg-info/requires.txt
writing top-level names to ../../build/controller/controller.egg-info/top_level.txt
writing manifest file '../../build/controller/controller.egg-info/SOURCES.txt'
reading manifest file '../../build/controller/controller.egg-info/SOURCES.txt'
writing manifest file '../../build/controller/controller.egg-info/SOURCES.txt'
running build
running build_py
creating /home/ibrahim/ASIMOV/build/controller/build
creating /home/ibrahim/ASIMOV/build/controller/build/lib
creating /home/ibrahim/ASIMOV/build/controller/build/lib/controller
copying controller/arm_driver.py -> /home/ibrahim/ASIMOV/build/controller/build/lib/controller
copying controller/motor_driver.py -> /home/ibrahim/ASIMOV/build/controller/build/lib/controller
copying controller/keyboard_node.py -> /home/ibrahim/ASIMOV/build/controller/build/lib/controller
copying controller/__init__.py -> /home/ibrahim/ASIMOV/build/controller/build/lib/controller
running install
running install_lib
creating /home/ibrahim/ASIMOV/install/controller/lib/python3.10/site-packages/controller
copying /home/ibrahim/ASIMOV/build/controller/build/lib/controller/arm_driver.py -> /home/ibrahim/ASIMOV/install/controller/lib/python3.10/site-packages/controller
copying /home/ibrahim/ASIMOV/build/controller/build/lib/controller/motor_driver.py -> /home/ibrahim/ASIMOV/install/controller/lib/python3.10/site-packages/controller
copying /home/ibrahim/ASIMOV/build/controller/build/lib/controller/keyboard_node.py -> /home/ibrahim/ASIMOV/install/controller/lib/python3.10/site-packages/controller
copying /home/ibrahim/ASIMOV/build/controller/build/lib/controller/__init__.py -> /home/ibrahim/ASIMOV/install/controller/lib/python3.10/site-packages/controller
byte-compiling /home/ibrahim/ASIMOV/install/controller/lib/python3.10/site-packages/controller/arm_driver.py to arm_driver.cpython-310.pyc
byte-compiling /home/ibrahim/ASIMOV/install/controller/lib/python3.10/site-packages/controller/motor_driver.py to motor_driver.cpython-310.pyc
byte-compiling /home/ibrahim/ASIMOV/install/controller/lib/python3.10/site-packages/controller/keyboard_node.py to keyboard_node.cpython-310.pyc
byte-compiling /home/ibrahim/ASIMOV/install/controller/lib/python3.10/site-packages/controller/__init__.py to __init__.cpython-310.pyc
running install_data
creating /home/ibrahim/ASIMOV/install/controller/share/ament_index
creating /home/ibrahim/ASIMOV/install/controller/share/ament_index/resource_index
creating /home/ibrahim/ASIMOV/install/controller/share/ament_index/resource_index/packages
copying resource/controller -> /home/ibrahim/ASIMOV/install/controller/share/ament_index/resource_index/packages
copying package.xml -> /home/ibrahim/ASIMOV/install/controller/share/controller
creating /home/ibrahim/ASIMOV/install/controller/share/controller/launch
copying launch/keyboard.launch.py -> /home/ibrahim/ASIMOV/install/controller/share/controller/launch/
copying launch/motor.launch.py -> /home/ibrahim/ASIMOV/install/controller/share/controller/launch/
copying launch/arm.launch.py -> /home/ibrahim/ASIMOV/install/controller/share/controller/launch/
copying launch/joystick.launch.py -> /home/ibrahim/ASIMOV/install/controller/share/controller/launch/
creating /home/ibrahim/ASIMOV/install/controller/share/controller/config
copying config/joystick.yaml -> /home/ibrahim/ASIMOV/install/controller/share/controller/config/
running install_egg_info
Copying ../../build/controller/controller.egg-info to /home/ibrahim/ASIMOV/install/controller/lib/python3.10/site-packages/controller-0.0.0-py3.10.egg-info
running install_scripts
Installing arm_driver script to /home/ibrahim/ASIMOV/install/controller/lib/controller
Installing joystick script to /home/ibrahim/ASIMOV/install/controller/lib/controller
Installing keyboard_node script to /home/ibrahim/ASIMOV/install/controller/lib/controller
Installing motor script to /home/ibrahim/ASIMOV/install/controller/lib/controller
Installing motor_driver script to /home/ibrahim/ASIMOV/install/controller/lib/controller
writing list of installed files to '/home/ibrahim/ASIMOV/build/controller/install.log'
