[0.738s] Invoking command in '/home/ibrahim/ASIMOV/src/controller': PYTHONPATH=/home/ibrahim/ASIMOV/build/controller/prefix_override:/usr/lib/python3/dist-packages/colcon_core/task/python/colcon_distutils_commands:/home/ibrahim/ASIMOV/install/controller/lib/python3.10/site-packages:${PYTHONPATH} /usr/bin/python3 -W ignore:setup.py install is deprecated -W ignore:easy_install command is deprecated setup.py egg_info --egg-base ../../build/controller build --build-base /home/ibrahim/ASIMOV/build/controller/build install --record /home/ibrahim/ASIMOV/build/controller/install.log --single-version-externally-managed install_data
[0.937s] running egg_info
[0.937s] creating ../../build/controller/controller.egg-info
[0.937s] writing ../../build/controller/controller.egg-info/PKG-INFO
[0.937s] writing dependency_links to ../../build/controller/controller.egg-info/dependency_links.txt
[0.937s] writing entry points to ../../build/controller/controller.egg-info/entry_points.txt
[0.937s] writing requirements to ../../build/controller/controller.egg-info/requires.txt
[0.937s] writing top-level names to ../../build/controller/controller.egg-info/top_level.txt
[0.939s] writing manifest file '../../build/controller/controller.egg-info/SOURCES.txt'
[0.942s] reading manifest file '../../build/controller/controller.egg-info/SOURCES.txt'
[0.942s] writing manifest file '../../build/controller/controller.egg-info/SOURCES.txt'
[0.942s] running build
[0.942s] running build_py
[0.943s] creating /home/ibrahim/ASIMOV/build/controller/build
[0.943s] creating /home/ibrahim/ASIMOV/build/controller/build/lib
[0.944s] creating /home/ibrahim/ASIMOV/build/controller/build/lib/controller
[0.944s] copying controller/arm_driver.py -> /home/ibrahim/ASIMOV/build/controller/build/lib/controller
[0.944s] copying controller/motor_driver.py -> /home/ibrahim/ASIMOV/build/controller/build/lib/controller
[0.944s] copying controller/keyboard_node.py -> /home/ibrahim/ASIMOV/build/controller/build/lib/controller
[0.944s] copying controller/__init__.py -> /home/ibrahim/ASIMOV/build/controller/build/lib/controller
[0.944s] running install
[0.944s] running install_lib
[0.944s] creating /home/ibrahim/ASIMOV/install/controller/lib/python3.10/site-packages/controller
[0.944s] copying /home/ibrahim/ASIMOV/build/controller/build/lib/controller/arm_driver.py -> /home/ibrahim/ASIMOV/install/controller/lib/python3.10/site-packages/controller
[0.944s] copying /home/ibrahim/ASIMOV/build/controller/build/lib/controller/motor_driver.py -> /home/ibrahim/ASIMOV/install/controller/lib/python3.10/site-packages/controller
[0.944s] copying /home/ibrahim/ASIMOV/build/controller/build/lib/controller/keyboard_node.py -> /home/ibrahim/ASIMOV/install/controller/lib/python3.10/site-packages/controller
[0.947s] copying /home/ibrahim/ASIMOV/build/controller/build/lib/controller/__init__.py -> /home/ibrahim/ASIMOV/install/controller/lib/python3.10/site-packages/controller
[0.947s] byte-compiling /home/ibrahim/ASIMOV/install/controller/lib/python3.10/site-packages/controller/arm_driver.py to arm_driver.cpython-310.pyc
[0.948s] byte-compiling /home/ibrahim/ASIMOV/install/controller/lib/python3.10/site-packages/controller/motor_driver.py to motor_driver.cpython-310.pyc
[0.948s] byte-compiling /home/ibrahim/ASIMOV/install/controller/lib/python3.10/site-packages/controller/keyboard_node.py to keyboard_node.cpython-310.pyc
[0.948s] byte-compiling /home/ibrahim/ASIMOV/install/controller/lib/python3.10/site-packages/controller/__init__.py to __init__.cpython-310.pyc
[0.948s] running install_data
[0.948s] creating /home/ibrahim/ASIMOV/install/controller/share/ament_index
[0.948s] creating /home/ibrahim/ASIMOV/install/controller/share/ament_index/resource_index
[0.948s] creating /home/ibrahim/ASIMOV/install/controller/share/ament_index/resource_index/packages
[0.948s] copying resource/controller -> /home/ibrahim/ASIMOV/install/controller/share/ament_index/resource_index/packages
[0.948s] copying package.xml -> /home/ibrahim/ASIMOV/install/controller/share/controller
[0.948s] creating /home/ibrahim/ASIMOV/install/controller/share/controller/launch
[0.948s] copying launch/keyboard.launch.py -> /home/ibrahim/ASIMOV/install/controller/share/controller/launch/
[0.948s] copying launch/motor.launch.py -> /home/ibrahim/ASIMOV/install/controller/share/controller/launch/
[0.948s] copying launch/arm.launch.py -> /home/ibrahim/ASIMOV/install/controller/share/controller/launch/
[0.948s] copying launch/joystick.launch.py -> /home/ibrahim/ASIMOV/install/controller/share/controller/launch/
[0.948s] creating /home/ibrahim/ASIMOV/install/controller/share/controller/config
[0.948s] copying config/joystick.yaml -> /home/ibrahim/ASIMOV/install/controller/share/controller/config/
[0.948s] running install_egg_info
[0.952s] Copying ../../build/controller/controller.egg-info to /home/ibrahim/ASIMOV/install/controller/lib/python3.10/site-packages/controller-0.0.0-py3.10.egg-info
[0.953s] running install_scripts
[0.977s] Installing arm_driver script to /home/ibrahim/ASIMOV/install/controller/lib/controller
[0.978s] Installing joystick script to /home/ibrahim/ASIMOV/install/controller/lib/controller
[0.978s] Installing keyboard_node script to /home/ibrahim/ASIMOV/install/controller/lib/controller
[0.979s] Installing motor script to /home/ibrahim/ASIMOV/install/controller/lib/controller
[0.979s] Installing motor_driver script to /home/ibrahim/ASIMOV/install/controller/lib/controller
[0.980s] writing list of installed files to '/home/ibrahim/ASIMOV/build/controller/install.log'
[1.053s] Invoked command in '/home/ibrahim/ASIMOV/src/controller' returned '0': PYTHONPATH=/home/ibrahim/ASIMOV/build/controller/prefix_override:/usr/lib/python3/dist-packages/colcon_core/task/python/colcon_distutils_commands:/home/ibrahim/ASIMOV/install/controller/lib/python3.10/site-packages:${PYTHONPATH} /usr/bin/python3 -W ignore:setup.py install is deprecated -W ignore:easy_install command is deprecated setup.py egg_info --egg-base ../../build/controller build --build-base /home/ibrahim/ASIMOV/build/controller/build install --record /home/ibrahim/ASIMOV/build/controller/install.log --single-version-externally-managed install_data
