[0.070s] DEBUG:colcon:Command line arguments: ['/usr/bin/colcon', 'build']
[0.070s] DEBUG:colcon:Parsed command line arguments: Namespace(log_base=None, log_level=None, verb_name='build', build_base='build', install_base='install', merge_install=False, symlink_install=False, test_result_base=None, continue_on_error=False, executor='parallel', parallel_workers=4, event_handlers=None, ignore_user_meta=False, metas=['./colcon.meta'], base_paths=['.'], packages_ignore=None, packages_ignore_regex=None, paths=None, packages_up_to=None, packages_up_to_regex=None, packages_above=None, packages_above_and_dependencies=None, packages_above_depth=None, packages_select_by_dep=None, packages_skip_by_dep=None, packages_skip_up_to=None, packages_select_build_failed=False, packages_skip_build_finished=False, packages_select_test_failures=False, packages_skip_test_passed=False, packages_select=None, packages_skip=None, packages_select_regex=None, packages_skip_regex=None, packages_start=None, packages_end=None, allow_overriding=[], cmake_args=None, cmake_target=None, cmake_target_skip_unavailable=False, cmake_clean_cache=False, cmake_clean_first=False, cmake_force_configure=False, ament_cmake_args=None, catkin_cmake_args=None, catkin_skip_building_tests=False, mixin_files=None, mixin=None, verb_parser=<colcon_mixin.mixin.mixin_argument.MixinArgumentDecorator object at 0x7b939c03b130>, verb_extension=<colcon_core.verb.build.BuildVerb object at 0x7b939c03ac80>, main=<bound method BuildVerb.main of <colcon_core.verb.build.BuildVerb object at 0x7b939c03ac80>>, mixin_verb=('build',))
[0.174s] Level 1:colcon.colcon_core.package_discovery:discover_packages(colcon_meta) check parameters
[0.174s] Level 1:colcon.colcon_core.package_discovery:discover_packages(recursive) check parameters
[0.175s] Level 1:colcon.colcon_core.package_discovery:discover_packages(ignore) check parameters
[0.175s] Level 1:colcon.colcon_core.package_discovery:discover_packages(path) check parameters
[0.175s] Level 1:colcon.colcon_core.package_discovery:discover_packages(colcon_meta) discover
[0.175s] Level 1:colcon.colcon_core.package_discovery:discover_packages(recursive) discover
[0.175s] INFO:colcon.colcon_core.package_discovery:Crawling recursively for packages in '/home/ibrahim/ASIMOV'
[0.175s] Level 1:colcon.colcon_core.package_identification:_identify(.) by extensions ['ignore', 'ignore_ament_install']
[0.175s] Level 1:colcon.colcon_core.package_identification:_identify(.) by extension 'ignore'
[0.175s] Level 1:colcon.colcon_core.package_identification:_identify(.) by extension 'ignore_ament_install'
[0.175s] Level 1:colcon.colcon_core.package_identification:_identify(.) by extensions ['colcon_pkg']
[0.175s] Level 1:colcon.colcon_core.package_identification:_identify(.) by extension 'colcon_pkg'
[0.175s] Level 1:colcon.colcon_core.package_identification:_identify(.) by extensions ['colcon_meta']
[0.175s] Level 1:colcon.colcon_core.package_identification:_identify(.) by extension 'colcon_meta'
[0.175s] Level 1:colcon.colcon_core.package_identification:_identify(.) by extensions ['ros']
[0.175s] Level 1:colcon.colcon_core.package_identification:_identify(.) by extension 'ros'
[0.182s] Level 1:colcon.colcon_core.package_identification:_identify(.) by extensions ['cmake', 'python']
[0.182s] Level 1:colcon.colcon_core.package_identification:_identify(.) by extension 'cmake'
[0.182s] Level 1:colcon.colcon_core.package_identification:_identify(.) by extension 'python'
[0.182s] Level 1:colcon.colcon_core.package_identification:_identify(.) by extensions ['python_setup_py']
[0.182s] Level 1:colcon.colcon_core.package_identification:_identify(.) by extension 'python_setup_py'
[0.182s] Level 1:colcon.colcon_core.package_identification:_identify(build) by extensions ['ignore', 'ignore_ament_install']
[0.182s] Level 1:colcon.colcon_core.package_identification:_identify(build) by extension 'ignore'
[0.182s] Level 1:colcon.colcon_core.package_identification:_identify(build) ignored
[0.182s] Level 1:colcon.colcon_core.package_identification:_identify(install) by extensions ['ignore', 'ignore_ament_install']
[0.182s] Level 1:colcon.colcon_core.package_identification:_identify(install) by extension 'ignore'
[0.182s] Level 1:colcon.colcon_core.package_identification:_identify(install) ignored
[0.182s] Level 1:colcon.colcon_core.package_identification:_identify(log) by extensions ['ignore', 'ignore_ament_install']
[0.182s] Level 1:colcon.colcon_core.package_identification:_identify(log) by extension 'ignore'
[0.182s] Level 1:colcon.colcon_core.package_identification:_identify(log) ignored
[0.182s] Level 1:colcon.colcon_core.package_identification:_identify(src) by extensions ['ignore', 'ignore_ament_install']
[0.182s] Level 1:colcon.colcon_core.package_identification:_identify(src) by extension 'ignore'
[0.182s] Level 1:colcon.colcon_core.package_identification:_identify(src) by extension 'ignore_ament_install'
[0.182s] Level 1:colcon.colcon_core.package_identification:_identify(src) by extensions ['colcon_pkg']
[0.182s] Level 1:colcon.colcon_core.package_identification:_identify(src) by extension 'colcon_pkg'
[0.182s] Level 1:colcon.colcon_core.package_identification:_identify(src) by extensions ['colcon_meta']
[0.182s] Level 1:colcon.colcon_core.package_identification:_identify(src) by extension 'colcon_meta'
[0.182s] Level 1:colcon.colcon_core.package_identification:_identify(src) by extensions ['ros']
[0.182s] Level 1:colcon.colcon_core.package_identification:_identify(src) by extension 'ros'
[0.182s] Level 1:colcon.colcon_core.package_identification:_identify(src) by extensions ['cmake', 'python']
[0.182s] Level 1:colcon.colcon_core.package_identification:_identify(src) by extension 'cmake'
[0.182s] Level 1:colcon.colcon_core.package_identification:_identify(src) by extension 'python'
[0.182s] Level 1:colcon.colcon_core.package_identification:_identify(src) by extensions ['python_setup_py']
[0.182s] Level 1:colcon.colcon_core.package_identification:_identify(src) by extension 'python_setup_py'
[0.183s] Level 1:colcon.colcon_core.package_identification:_identify(src/arm_urdf) by extensions ['ignore', 'ignore_ament_install']
[0.183s] Level 1:colcon.colcon_core.package_identification:_identify(src/arm_urdf) by extension 'ignore'
[0.183s] Level 1:colcon.colcon_core.package_identification:_identify(src/arm_urdf) by extension 'ignore_ament_install'
[0.183s] Level 1:colcon.colcon_core.package_identification:_identify(src/arm_urdf) by extensions ['colcon_pkg']
[0.183s] Level 1:colcon.colcon_core.package_identification:_identify(src/arm_urdf) by extension 'colcon_pkg'
[0.183s] Level 1:colcon.colcon_core.package_identification:_identify(src/arm_urdf) by extensions ['colcon_meta']
[0.183s] Level 1:colcon.colcon_core.package_identification:_identify(src/arm_urdf) by extension 'colcon_meta'
[0.183s] Level 1:colcon.colcon_core.package_identification:_identify(src/arm_urdf) by extensions ['ros']
[0.183s] Level 1:colcon.colcon_core.package_identification:_identify(src/arm_urdf) by extension 'ros'
[0.185s] DEBUG:colcon.colcon_core.package_identification:Package 'src/arm_urdf' with type 'ros.ament_cmake' and name 'arm_urdf'
[0.185s] Level 1:colcon.colcon_core.package_identification:_identify(src/controller) by extensions ['ignore', 'ignore_ament_install']
[0.185s] Level 1:colcon.colcon_core.package_identification:_identify(src/controller) by extension 'ignore'
[0.185s] Level 1:colcon.colcon_core.package_identification:_identify(src/controller) by extension 'ignore_ament_install'
[0.185s] Level 1:colcon.colcon_core.package_identification:_identify(src/controller) by extensions ['colcon_pkg']
[0.185s] Level 1:colcon.colcon_core.package_identification:_identify(src/controller) by extension 'colcon_pkg'
[0.185s] Level 1:colcon.colcon_core.package_identification:_identify(src/controller) by extensions ['colcon_meta']
[0.185s] Level 1:colcon.colcon_core.package_identification:_identify(src/controller) by extension 'colcon_meta'
[0.185s] Level 1:colcon.colcon_core.package_identification:_identify(src/controller) by extensions ['ros']
[0.185s] Level 1:colcon.colcon_core.package_identification:_identify(src/controller) by extension 'ros'
[0.185s] DEBUG:colcon.colcon_core.package_identification:Package 'src/controller' with type 'ros.ament_python' and name 'controller'
[0.185s] Level 1:colcon.colcon_core.package_identification:_identify(src/fk_test) by extensions ['ignore', 'ignore_ament_install']
[0.186s] Level 1:colcon.colcon_core.package_identification:_identify(src/fk_test) by extension 'ignore'
[0.186s] Level 1:colcon.colcon_core.package_identification:_identify(src/fk_test) by extension 'ignore_ament_install'
[0.186s] Level 1:colcon.colcon_core.package_identification:_identify(src/fk_test) by extensions ['colcon_pkg']
[0.186s] Level 1:colcon.colcon_core.package_identification:_identify(src/fk_test) by extension 'colcon_pkg'
[0.186s] Level 1:colcon.colcon_core.package_identification:_identify(src/fk_test) by extensions ['colcon_meta']
[0.186s] Level 1:colcon.colcon_core.package_identification:_identify(src/fk_test) by extension 'colcon_meta'
[0.186s] Level 1:colcon.colcon_core.package_identification:_identify(src/fk_test) by extensions ['ros']
[0.186s] Level 1:colcon.colcon_core.package_identification:_identify(src/fk_test) by extension 'ros'
[0.186s] DEBUG:colcon.colcon_core.package_identification:Package 'src/fk_test' with type 'ros.ament_python' and name 'fk_test'
[0.186s] Level 1:colcon.colcon_core.package_discovery:discover_packages(recursive) using defaults
[0.186s] Level 1:colcon.colcon_core.package_discovery:discover_packages(ignore) discover
[0.186s] Level 1:colcon.colcon_core.package_discovery:discover_packages(ignore) using defaults
[0.186s] Level 1:colcon.colcon_core.package_discovery:discover_packages(path) discover
[0.186s] Level 1:colcon.colcon_core.package_discovery:discover_packages(path) using defaults
[0.208s] Level 1:colcon.colcon_core.package_discovery:discover_packages(prefix_path) check parameters
[0.209s] Level 1:colcon.colcon_core.package_discovery:discover_packages(prefix_path) discover
[0.210s] DEBUG:colcon.colcon_installed_package_information.package_discovery:Found 385 installed packages in /opt/ros/humble
[0.211s] Level 1:colcon.colcon_core.package_discovery:discover_packages(prefix_path) using defaults
[0.243s] Level 5:colcon.colcon_core.verb:set package 'arm_urdf' build argument 'cmake_args' from command line to 'None'
[0.243s] Level 5:colcon.colcon_core.verb:set package 'arm_urdf' build argument 'cmake_target' from command line to 'None'
[0.243s] Level 5:colcon.colcon_core.verb:set package 'arm_urdf' build argument 'cmake_target_skip_unavailable' from command line to 'False'
[0.243s] Level 5:colcon.colcon_core.verb:set package 'arm_urdf' build argument 'cmake_clean_cache' from command line to 'False'
[0.243s] Level 5:colcon.colcon_core.verb:set package 'arm_urdf' build argument 'cmake_clean_first' from command line to 'False'
[0.243s] Level 5:colcon.colcon_core.verb:set package 'arm_urdf' build argument 'cmake_force_configure' from command line to 'False'
[0.243s] Level 5:colcon.colcon_core.verb:set package 'arm_urdf' build argument 'ament_cmake_args' from command line to 'None'
[0.243s] Level 5:colcon.colcon_core.verb:set package 'arm_urdf' build argument 'catkin_cmake_args' from command line to 'None'
[0.243s] Level 5:colcon.colcon_core.verb:set package 'arm_urdf' build argument 'catkin_skip_building_tests' from command line to 'False'
[0.243s] DEBUG:colcon.colcon_core.verb:Building package 'arm_urdf' with the following arguments: {'ament_cmake_args': None, 'build_base': '/home/ibrahim/ASIMOV/build/arm_urdf', 'catkin_cmake_args': None, 'catkin_skip_building_tests': False, 'cmake_args': None, 'cmake_clean_cache': False, 'cmake_clean_first': False, 'cmake_force_configure': False, 'cmake_target': None, 'cmake_target_skip_unavailable': False, 'install_base': '/home/ibrahim/ASIMOV/install/arm_urdf', 'merge_install': False, 'path': '/home/ibrahim/ASIMOV/src/arm_urdf', 'symlink_install': False, 'test_result_base': None}
[0.244s] Level 5:colcon.colcon_core.verb:set package 'controller' build argument 'cmake_args' from command line to 'None'
[0.244s] Level 5:colcon.colcon_core.verb:set package 'controller' build argument 'cmake_target' from command line to 'None'
[0.244s] Level 5:colcon.colcon_core.verb:set package 'controller' build argument 'cmake_target_skip_unavailable' from command line to 'False'
[0.244s] Level 5:colcon.colcon_core.verb:set package 'controller' build argument 'cmake_clean_cache' from command line to 'False'
[0.244s] Level 5:colcon.colcon_core.verb:set package 'controller' build argument 'cmake_clean_first' from command line to 'False'
[0.244s] Level 5:colcon.colcon_core.verb:set package 'controller' build argument 'cmake_force_configure' from command line to 'False'
[0.244s] Level 5:colcon.colcon_core.verb:set package 'controller' build argument 'ament_cmake_args' from command line to 'None'
[0.244s] Level 5:colcon.colcon_core.verb:set package 'controller' build argument 'catkin_cmake_args' from command line to 'None'
[0.244s] Level 5:colcon.colcon_core.verb:set package 'controller' build argument 'catkin_skip_building_tests' from command line to 'False'
[0.244s] DEBUG:colcon.colcon_core.verb:Building package 'controller' with the following arguments: {'ament_cmake_args': None, 'build_base': '/home/ibrahim/ASIMOV/build/controller', 'catkin_cmake_args': None, 'catkin_skip_building_tests': False, 'cmake_args': None, 'cmake_clean_cache': False, 'cmake_clean_first': False, 'cmake_force_configure': False, 'cmake_target': None, 'cmake_target_skip_unavailable': False, 'install_base': '/home/ibrahim/ASIMOV/install/controller', 'merge_install': False, 'path': '/home/ibrahim/ASIMOV/src/controller', 'symlink_install': False, 'test_result_base': None}
[0.244s] Level 5:colcon.colcon_core.verb:set package 'fk_test' build argument 'cmake_args' from command line to 'None'
[0.244s] Level 5:colcon.colcon_core.verb:set package 'fk_test' build argument 'cmake_target' from command line to 'None'
[0.244s] Level 5:colcon.colcon_core.verb:set package 'fk_test' build argument 'cmake_target_skip_unavailable' from command line to 'False'
[0.244s] Level 5:colcon.colcon_core.verb:set package 'fk_test' build argument 'cmake_clean_cache' from command line to 'False'
[0.244s] Level 5:colcon.colcon_core.verb:set package 'fk_test' build argument 'cmake_clean_first' from command line to 'False'
[0.244s] Level 5:colcon.colcon_core.verb:set package 'fk_test' build argument 'cmake_force_configure' from command line to 'False'
[0.244s] Level 5:colcon.colcon_core.verb:set package 'fk_test' build argument 'ament_cmake_args' from command line to 'None'
[0.244s] Level 5:colcon.colcon_core.verb:set package 'fk_test' build argument 'catkin_cmake_args' from command line to 'None'
[0.244s] Level 5:colcon.colcon_core.verb:set package 'fk_test' build argument 'catkin_skip_building_tests' from command line to 'False'
[0.244s] DEBUG:colcon.colcon_core.verb:Building package 'fk_test' with the following arguments: {'ament_cmake_args': None, 'build_base': '/home/ibrahim/ASIMOV/build/fk_test', 'catkin_cmake_args': None, 'catkin_skip_building_tests': False, 'cmake_args': None, 'cmake_clean_cache': False, 'cmake_clean_first': False, 'cmake_force_configure': False, 'cmake_target': None, 'cmake_target_skip_unavailable': False, 'install_base': '/home/ibrahim/ASIMOV/install/fk_test', 'merge_install': False, 'path': '/home/ibrahim/ASIMOV/src/fk_test', 'symlink_install': False, 'test_result_base': None}
[0.244s] INFO:colcon.colcon_core.executor:Executing jobs using 'parallel' executor
[0.246s] DEBUG:colcon.colcon_parallel_executor.executor.parallel:run_until_complete
[0.246s] INFO:colcon.colcon_ros.task.ament_cmake.build:Building ROS package in '/home/ibrahim/ASIMOV/src/arm_urdf' with build type 'ament_cmake'
[0.246s] INFO:colcon.colcon_cmake.task.cmake.build:Building CMake package in '/home/ibrahim/ASIMOV/src/arm_urdf'
[0.248s] INFO:colcon.colcon_core.plugin_system:Skipping extension 'colcon_core.shell.bat': Not used on non-Windows systems
[0.249s] INFO:colcon.colcon_core.shell:Skip shell extension 'powershell' for command environment: Not usable outside of PowerShell
[0.249s] DEBUG:colcon.colcon_core.shell:Skip shell extension 'dsv' for command environment
[0.251s] INFO:colcon.colcon_ros.task.ament_python.build:Building ROS package in '/home/ibrahim/ASIMOV/src/controller' with build type 'ament_python'
[0.251s] Level 1:colcon.colcon_core.shell:create_environment_hook('controller', 'ament_prefix_path')
[0.252s] INFO:colcon.colcon_core.shell:Creating environment hook '/home/ibrahim/ASIMOV/install/controller/share/controller/hook/ament_prefix_path.ps1'
[0.253s] INFO:colcon.colcon_core.shell:Creating environment descriptor '/home/ibrahim/ASIMOV/install/controller/share/controller/hook/ament_prefix_path.dsv'
[0.253s] INFO:colcon.colcon_core.shell:Creating environment hook '/home/ibrahim/ASIMOV/install/controller/share/controller/hook/ament_prefix_path.sh'
[0.254s] INFO:colcon.colcon_core.shell:Skip shell extension 'powershell' for command environment: Not usable outside of PowerShell
[0.254s] DEBUG:colcon.colcon_core.shell:Skip shell extension 'dsv' for command environment
[0.257s] INFO:colcon.colcon_ros.task.ament_python.build:Building ROS package in '/home/ibrahim/ASIMOV/src/fk_test' with build type 'ament_python'
[0.257s] Level 1:colcon.colcon_core.shell:create_environment_hook('fk_test', 'ament_prefix_path')
[0.257s] INFO:colcon.colcon_core.shell:Creating environment hook '/home/ibrahim/ASIMOV/install/fk_test/share/fk_test/hook/ament_prefix_path.ps1'
[0.258s] INFO:colcon.colcon_core.shell:Creating environment descriptor '/home/ibrahim/ASIMOV/install/fk_test/share/fk_test/hook/ament_prefix_path.dsv'
[0.258s] INFO:colcon.colcon_core.shell:Creating environment hook '/home/ibrahim/ASIMOV/install/fk_test/share/fk_test/hook/ament_prefix_path.sh'
[0.259s] INFO:colcon.colcon_core.shell:Skip shell extension 'powershell' for command environment: Not usable outside of PowerShell
[0.259s] DEBUG:colcon.colcon_core.shell:Skip shell extension 'dsv' for command environment
[0.270s] DEBUG:colcon.colcon_core.event_handler.log_command:Invoking command in '/home/ibrahim/ASIMOV/build/arm_urdf': CMAKE_PREFIX_PATH=/opt/ros/humble /usr/bin/cmake --build /home/ibrahim/ASIMOV/build/arm_urdf -- -j4 -l4
[0.434s] INFO:colcon.colcon_core.task.python.build:Building Python package in '/home/ibrahim/ASIMOV/src/controller'
[0.435s] INFO:colcon.colcon_core.shell:Skip shell extension 'powershell' for command environment: Not usable outside of PowerShell
[0.435s] DEBUG:colcon.colcon_core.shell:Skip shell extension 'dsv' for command environment
[0.596s] WARNING:colcon.colcon_ros.task.ament_python.build:Package 'fk_test' doesn't explicitly install a marker in the package index (colcon-ros currently does it implicitly but that fallback will be removed in the future)
[0.596s] INFO:colcon.colcon_core.task.python.build:Building Python package in '/home/ibrahim/ASIMOV/src/fk_test'
[0.597s] INFO:colcon.colcon_core.shell:Skip shell extension 'powershell' for command environment: Not usable outside of PowerShell
[0.597s] DEBUG:colcon.colcon_core.shell:Skip shell extension 'dsv' for command environment
[0.600s] DEBUG:colcon.colcon_core.event_handler.log_command:Invoked command in '/home/ibrahim/ASIMOV/build/arm_urdf' returned '0': CMAKE_PREFIX_PATH=/opt/ros/humble /usr/bin/cmake --build /home/ibrahim/ASIMOV/build/arm_urdf -- -j4 -l4
[0.611s] DEBUG:colcon.colcon_core.event_handler.log_command:Invoking command in '/home/ibrahim/ASIMOV/build/arm_urdf': CMAKE_PREFIX_PATH=/opt/ros/humble /usr/bin/cmake --install /home/ibrahim/ASIMOV/build/arm_urdf
[0.626s] Level 1:colcon.colcon_core.environment:create_environment_scripts_only(arm_urdf)
[0.627s] DEBUG:colcon.colcon_core.event_handler.log_command:Invoked command in '/home/ibrahim/ASIMOV/build/arm_urdf' returned '0': CMAKE_PREFIX_PATH=/opt/ros/humble /usr/bin/cmake --install /home/ibrahim/ASIMOV/build/arm_urdf
[0.629s] Level 1:colcon.colcon_core.environment:checking '/home/ibrahim/ASIMOV/install/arm_urdf' for CMake module files
[0.629s] Level 1:colcon.colcon_core.environment:checking '/home/ibrahim/ASIMOV/install/arm_urdf' for CMake config files
[0.630s] Level 1:colcon.colcon_core.shell:create_environment_hook('arm_urdf', 'cmake_prefix_path')
[0.630s] INFO:colcon.colcon_core.shell:Creating environment hook '/home/ibrahim/ASIMOV/install/arm_urdf/share/arm_urdf/hook/cmake_prefix_path.ps1'
[0.631s] INFO:colcon.colcon_core.shell:Creating environment descriptor '/home/ibrahim/ASIMOV/install/arm_urdf/share/arm_urdf/hook/cmake_prefix_path.dsv'
[0.632s] INFO:colcon.colcon_core.shell:Creating environment hook '/home/ibrahim/ASIMOV/install/arm_urdf/share/arm_urdf/hook/cmake_prefix_path.sh'
[0.633s] Level 1:colcon.colcon_core.environment:checking '/home/ibrahim/ASIMOV/install/arm_urdf/bin'
[0.633s] Level 1:colcon.colcon_core.environment:checking '/home/ibrahim/ASIMOV/install/arm_urdf/lib/pkgconfig/arm_urdf.pc'
[0.633s] Level 1:colcon.colcon_core.environment:checking '/home/ibrahim/ASIMOV/install/arm_urdf/lib/python3.10/site-packages'
[0.633s] Level 1:colcon.colcon_core.environment:checking '/home/ibrahim/ASIMOV/install/arm_urdf/bin'
[0.634s] INFO:colcon.colcon_core.shell:Creating package script '/home/ibrahim/ASIMOV/install/arm_urdf/share/arm_urdf/package.ps1'
[0.635s] INFO:colcon.colcon_core.shell:Creating package descriptor '/home/ibrahim/ASIMOV/install/arm_urdf/share/arm_urdf/package.dsv'
[0.635s] INFO:colcon.colcon_core.shell:Creating package script '/home/ibrahim/ASIMOV/install/arm_urdf/share/arm_urdf/package.sh'
[0.636s] INFO:colcon.colcon_core.shell:Creating package script '/home/ibrahim/ASIMOV/install/arm_urdf/share/arm_urdf/package.bash'
[0.637s] INFO:colcon.colcon_core.shell:Creating package script '/home/ibrahim/ASIMOV/install/arm_urdf/share/arm_urdf/package.zsh'
[0.637s] Level 1:colcon.colcon_core.environment:create_file_with_runtime_dependencies(/home/ibrahim/ASIMOV/install/arm_urdf/share/colcon-core/packages/arm_urdf)
[0.638s] Level 1:colcon.colcon_core.environment:create_environment_scripts_only(arm_urdf)
[0.638s] Level 1:colcon.colcon_core.environment:checking '/home/ibrahim/ASIMOV/install/arm_urdf' for CMake module files
[0.638s] Level 1:colcon.colcon_core.environment:checking '/home/ibrahim/ASIMOV/install/arm_urdf' for CMake config files
[0.639s] Level 1:colcon.colcon_core.shell:create_environment_hook('arm_urdf', 'cmake_prefix_path')
[0.639s] INFO:colcon.colcon_core.shell:Creating environment hook '/home/ibrahim/ASIMOV/install/arm_urdf/share/arm_urdf/hook/cmake_prefix_path.ps1'
[0.639s] INFO:colcon.colcon_core.shell:Creating environment descriptor '/home/ibrahim/ASIMOV/install/arm_urdf/share/arm_urdf/hook/cmake_prefix_path.dsv'
[0.640s] INFO:colcon.colcon_core.shell:Creating environment hook '/home/ibrahim/ASIMOV/install/arm_urdf/share/arm_urdf/hook/cmake_prefix_path.sh'
[0.640s] Level 1:colcon.colcon_core.environment:checking '/home/ibrahim/ASIMOV/install/arm_urdf/bin'
[0.640s] Level 1:colcon.colcon_core.environment:checking '/home/ibrahim/ASIMOV/install/arm_urdf/lib/pkgconfig/arm_urdf.pc'
[0.640s] Level 1:colcon.colcon_core.environment:checking '/home/ibrahim/ASIMOV/install/arm_urdf/lib/python3.10/site-packages'
[0.640s] Level 1:colcon.colcon_core.environment:checking '/home/ibrahim/ASIMOV/install/arm_urdf/bin'
[0.641s] INFO:colcon.colcon_core.shell:Creating package script '/home/ibrahim/ASIMOV/install/arm_urdf/share/arm_urdf/package.ps1'
[0.641s] INFO:colcon.colcon_core.shell:Creating package descriptor '/home/ibrahim/ASIMOV/install/arm_urdf/share/arm_urdf/package.dsv'
[0.642s] INFO:colcon.colcon_core.shell:Creating package script '/home/ibrahim/ASIMOV/install/arm_urdf/share/arm_urdf/package.sh'
[0.642s] INFO:colcon.colcon_core.shell:Creating package script '/home/ibrahim/ASIMOV/install/arm_urdf/share/arm_urdf/package.bash'
[0.643s] INFO:colcon.colcon_core.shell:Creating package script '/home/ibrahim/ASIMOV/install/arm_urdf/share/arm_urdf/package.zsh'
[0.643s] Level 1:colcon.colcon_core.environment:create_file_with_runtime_dependencies(/home/ibrahim/ASIMOV/install/arm_urdf/share/colcon-core/packages/arm_urdf)
[0.852s] DEBUG:colcon.colcon_core.event_handler.log_command:Invoking command in '/home/ibrahim/ASIMOV/src/fk_test': PYTHONPATH=/home/ibrahim/ASIMOV/build/fk_test/prefix_override:/usr/lib/python3/dist-packages/colcon_core/task/python/colcon_distutils_commands:/home/ibrahim/ASIMOV/install/fk_test/lib/python3.10/site-packages:${PYTHONPATH} /usr/bin/python3 -W ignore:setup.py install is deprecated -W ignore:easy_install command is deprecated setup.py egg_info --egg-base ../../build/fk_test build --build-base /home/ibrahim/ASIMOV/build/fk_test/build install --record /home/ibrahim/ASIMOV/build/fk_test/install.log --single-version-externally-managed install_data
[0.860s] DEBUG:colcon.colcon_core.event_handler.log_command:Invoking command in '/home/ibrahim/ASIMOV/src/controller': PYTHONPATH=/home/ibrahim/ASIMOV/build/controller/prefix_override:/usr/lib/python3/dist-packages/colcon_core/task/python/colcon_distutils_commands:/home/ibrahim/ASIMOV/install/controller/lib/python3.10/site-packages:${PYTHONPATH} /usr/bin/python3 -W ignore:setup.py install is deprecated -W ignore:easy_install command is deprecated setup.py egg_info --egg-base ../../build/controller build --build-base /home/ibrahim/ASIMOV/build/controller/build install --record /home/ibrahim/ASIMOV/build/controller/install.log --single-version-externally-managed install_data
[1.038s] Level 1:colcon.colcon_core.environment:checking '/home/ibrahim/ASIMOV/install/fk_test' for CMake module files
[1.039s] Level 1:colcon.colcon_core.environment:checking '/home/ibrahim/ASIMOV/install/fk_test' for CMake config files
[1.039s] DEBUG:colcon.colcon_core.event_handler.log_command:Invoked command in '/home/ibrahim/ASIMOV/src/fk_test' returned '0': PYTHONPATH=/home/ibrahim/ASIMOV/build/fk_test/prefix_override:/usr/lib/python3/dist-packages/colcon_core/task/python/colcon_distutils_commands:/home/ibrahim/ASIMOV/install/fk_test/lib/python3.10/site-packages:${PYTHONPATH} /usr/bin/python3 -W ignore:setup.py install is deprecated -W ignore:easy_install command is deprecated setup.py egg_info --egg-base ../../build/fk_test build --build-base /home/ibrahim/ASIMOV/build/fk_test/build install --record /home/ibrahim/ASIMOV/build/fk_test/install.log --single-version-externally-managed install_data
[1.040s] Level 1:colcon.colcon_core.environment:checking '/home/ibrahim/ASIMOV/install/fk_test/lib'
[1.040s] Level 1:colcon.colcon_core.environment:checking '/home/ibrahim/ASIMOV/install/fk_test/bin'
[1.040s] Level 1:colcon.colcon_core.environment:checking '/home/ibrahim/ASIMOV/install/fk_test/lib/pkgconfig/fk_test.pc'
[1.041s] Level 1:colcon.colcon_core.environment:checking '/home/ibrahim/ASIMOV/install/fk_test/lib/python3.10/site-packages'
[1.041s] Level 1:colcon.colcon_core.shell:create_environment_hook('fk_test', 'pythonpath')
[1.041s] INFO:colcon.colcon_core.shell:Creating environment hook '/home/ibrahim/ASIMOV/install/fk_test/share/fk_test/hook/pythonpath.ps1'
[1.041s] INFO:colcon.colcon_core.shell:Creating environment descriptor '/home/ibrahim/ASIMOV/install/fk_test/share/fk_test/hook/pythonpath.dsv'
[1.042s] INFO:colcon.colcon_core.shell:Creating environment hook '/home/ibrahim/ASIMOV/install/fk_test/share/fk_test/hook/pythonpath.sh'
[1.042s] Level 1:colcon.colcon_core.environment:checking '/home/ibrahim/ASIMOV/install/fk_test/bin'
[1.042s] Level 1:colcon.colcon_core.environment:create_environment_scripts_only(fk_test)
[1.042s] INFO:colcon.colcon_core.shell:Creating package script '/home/ibrahim/ASIMOV/install/fk_test/share/fk_test/package.ps1'
[1.043s] INFO:colcon.colcon_core.shell:Creating package descriptor '/home/ibrahim/ASIMOV/install/fk_test/share/fk_test/package.dsv'
[1.043s] INFO:colcon.colcon_core.shell:Creating package script '/home/ibrahim/ASIMOV/install/fk_test/share/fk_test/package.sh'
[1.043s] INFO:colcon.colcon_core.shell:Creating package script '/home/ibrahim/ASIMOV/install/fk_test/share/fk_test/package.bash'
[1.044s] INFO:colcon.colcon_core.shell:Creating package script '/home/ibrahim/ASIMOV/install/fk_test/share/fk_test/package.zsh'
[1.044s] Level 1:colcon.colcon_core.environment:create_file_with_runtime_dependencies(/home/ibrahim/ASIMOV/install/fk_test/share/colcon-core/packages/fk_test)
[1.054s] Level 1:colcon.colcon_core.environment:checking '/home/ibrahim/ASIMOV/install/controller' for CMake module files
[1.055s] Level 1:colcon.colcon_core.environment:checking '/home/ibrahim/ASIMOV/install/controller' for CMake config files
[1.055s] DEBUG:colcon.colcon_core.event_handler.log_command:Invoked command in '/home/ibrahim/ASIMOV/src/controller' returned '0': PYTHONPATH=/home/ibrahim/ASIMOV/build/controller/prefix_override:/usr/lib/python3/dist-packages/colcon_core/task/python/colcon_distutils_commands:/home/ibrahim/ASIMOV/install/controller/lib/python3.10/site-packages:${PYTHONPATH} /usr/bin/python3 -W ignore:setup.py install is deprecated -W ignore:easy_install command is deprecated setup.py egg_info --egg-base ../../build/controller build --build-base /home/ibrahim/ASIMOV/build/controller/build install --record /home/ibrahim/ASIMOV/build/controller/install.log --single-version-externally-managed install_data
[1.056s] Level 1:colcon.colcon_core.environment:checking '/home/ibrahim/ASIMOV/install/controller/lib'
[1.056s] Level 1:colcon.colcon_core.environment:checking '/home/ibrahim/ASIMOV/install/controller/bin'
[1.056s] Level 1:colcon.colcon_core.environment:checking '/home/ibrahim/ASIMOV/install/controller/lib/pkgconfig/controller.pc'
[1.057s] Level 1:colcon.colcon_core.environment:checking '/home/ibrahim/ASIMOV/install/controller/lib/python3.10/site-packages'
[1.057s] Level 1:colcon.colcon_core.shell:create_environment_hook('controller', 'pythonpath')
[1.057s] INFO:colcon.colcon_core.shell:Creating environment hook '/home/ibrahim/ASIMOV/install/controller/share/controller/hook/pythonpath.ps1'
[1.057s] INFO:colcon.colcon_core.shell:Creating environment descriptor '/home/ibrahim/ASIMOV/install/controller/share/controller/hook/pythonpath.dsv'
[1.058s] INFO:colcon.colcon_core.shell:Creating environment hook '/home/ibrahim/ASIMOV/install/controller/share/controller/hook/pythonpath.sh'
[1.058s] Level 1:colcon.colcon_core.environment:checking '/home/ibrahim/ASIMOV/install/controller/bin'
[1.058s] Level 1:colcon.colcon_core.environment:create_environment_scripts_only(controller)
[1.059s] INFO:colcon.colcon_core.shell:Creating package script '/home/ibrahim/ASIMOV/install/controller/share/controller/package.ps1'
[1.059s] INFO:colcon.colcon_core.shell:Creating package descriptor '/home/ibrahim/ASIMOV/install/controller/share/controller/package.dsv'
[1.059s] INFO:colcon.colcon_core.shell:Creating package script '/home/ibrahim/ASIMOV/install/controller/share/controller/package.sh'
[1.060s] INFO:colcon.colcon_core.shell:Creating package script '/home/ibrahim/ASIMOV/install/controller/share/controller/package.bash'
[1.060s] INFO:colcon.colcon_core.shell:Creating package script '/home/ibrahim/ASIMOV/install/controller/share/controller/package.zsh'
[1.061s] Level 1:colcon.colcon_core.environment:create_file_with_runtime_dependencies(/home/ibrahim/ASIMOV/install/controller/share/colcon-core/packages/controller)
[1.061s] DEBUG:colcon.colcon_parallel_executor.executor.parallel:closing loop
[1.061s] DEBUG:colcon.colcon_parallel_executor.executor.parallel:loop closed
[1.062s] DEBUG:colcon.colcon_parallel_executor.executor.parallel:run_until_complete finished with '0'
[1.062s] DEBUG:colcon.colcon_core.event_reactor:joining thread
[1.067s] INFO:colcon.colcon_core.plugin_system:Skipping extension 'colcon_notification.desktop_notification.terminal_notifier': Not used on non-Darwin systems
[1.067s] INFO:colcon.colcon_core.plugin_system:Skipping extension 'colcon_notification.desktop_notification.win32': Not used on non-Windows systems
[1.067s] INFO:colcon.colcon_notification.desktop_notification:Sending desktop notification using 'notify2'
[1.078s] DEBUG:colcon.colcon_core.event_reactor:joined thread
[1.078s] INFO:colcon.colcon_core.shell:Creating prefix script '/home/ibrahim/ASIMOV/install/local_setup.ps1'
[1.080s] INFO:colcon.colcon_core.shell:Creating prefix util module '/home/ibrahim/ASIMOV/install/_local_setup_util_ps1.py'
[1.081s] INFO:colcon.colcon_core.shell:Creating prefix chain script '/home/ibrahim/ASIMOV/install/setup.ps1'
[1.081s] INFO:colcon.colcon_core.shell:Creating prefix script '/home/ibrahim/ASIMOV/install/local_setup.sh'
[1.082s] INFO:colcon.colcon_core.shell:Creating prefix util module '/home/ibrahim/ASIMOV/install/_local_setup_util_sh.py'
[1.082s] INFO:colcon.colcon_core.shell:Creating prefix chain script '/home/ibrahim/ASIMOV/install/setup.sh'
[1.083s] INFO:colcon.colcon_core.shell:Creating prefix script '/home/ibrahim/ASIMOV/install/local_setup.bash'
[1.083s] INFO:colcon.colcon_core.shell:Creating prefix chain script '/home/ibrahim/ASIMOV/install/setup.bash'
[1.084s] INFO:colcon.colcon_core.shell:Creating prefix script '/home/ibrahim/ASIMOV/install/local_setup.zsh'
[1.084s] INFO:colcon.colcon_core.shell:Creating prefix chain script '/home/ibrahim/ASIMOV/install/setup.zsh'
