-- Install configuration: ""
-- Up-to-date: /home/ibrahim/ASIMOV/install/arm_urdf/share/arm_urdf/config
-- Up-to-date: /home/ibrahim/ASIMOV/install/arm_urdf/share/arm_urdf/config/config.rviz
-- Up-to-date: /home/ibrahim/ASIMOV/install/arm_urdf/share/arm_urdf/config/joint_names_arm_urdf.yaml
-- Up-to-date: /home/ibrahim/ASIMOV/install/arm_urdf/share/arm_urdf/launch
-- Up-to-date: /home/ibrahim/ASIMOV/install/arm_urdf/share/arm_urdf/launch/display.launch.py
-- Up-to-date: /home/ibrahim/ASIMOV/install/arm_urdf/share/arm_urdf/meshes
-- Up-to-date: /home/ibrahim/ASIMOV/install/arm_urdf/share/arm_urdf/meshes/bicep.STL
-- Up-to-date: /home/ibrahim/ASIMOV/install/arm_urdf/share/arm_urdf/meshes/forearm.STL
-- Up-to-date: /home/ibrahim/ASIMOV/install/arm_urdf/share/arm_urdf/meshes/wrist.STL
-- Up-to-date: /home/ibrahim/ASIMOV/install/arm_urdf/share/arm_urdf/meshes/left_claw.STL
-- Up-to-date: /home/ibrahim/ASIMOV/install/arm_urdf/share/arm_urdf/meshes/base_link.STL
-- Up-to-date: /home/ibrahim/ASIMOV/install/arm_urdf/share/arm_urdf/meshes/right_claw.STL
-- Up-to-date: /home/ibrahim/ASIMOV/install/arm_urdf/share/arm_urdf/meshes/link_1.STL
-- Up-to-date: /home/ibrahim/ASIMOV/install/arm_urdf/share/arm_urdf/textures
-- Up-to-date: /home/ibrahim/ASIMOV/install/arm_urdf/share/arm_urdf/urdf
-- Up-to-date: /home/ibrahim/ASIMOV/install/arm_urdf/share/arm_urdf/urdf/arm_urdf.urdf
-- Up-to-date: /home/ibrahim/ASIMOV/install/arm_urdf/share/arm_urdf/urdf/arm_urdf.csv
-- Up-to-date: /home/ibrahim/ASIMOV/install/arm_urdf/share/ament_index/resource_index/package_run_dependencies/arm_urdf
-- Up-to-date: /home/ibrahim/ASIMOV/install/arm_urdf/share/ament_index/resource_index/parent_prefix_path/arm_urdf
-- Up-to-date: /home/ibrahim/ASIMOV/install/arm_urdf/share/arm_urdf/environment/ament_prefix_path.sh
-- Up-to-date: /home/ibrahim/ASIMOV/install/arm_urdf/share/arm_urdf/environment/ament_prefix_path.dsv
-- Up-to-date: /home/ibrahim/ASIMOV/install/arm_urdf/share/arm_urdf/environment/path.sh
-- Up-to-date: /home/ibrahim/ASIMOV/install/arm_urdf/share/arm_urdf/environment/path.dsv
-- Up-to-date: /home/ibrahim/ASIMOV/install/arm_urdf/share/arm_urdf/local_setup.bash
-- Up-to-date: /home/ibrahim/ASIMOV/install/arm_urdf/share/arm_urdf/local_setup.sh
-- Up-to-date: /home/ibrahim/ASIMOV/install/arm_urdf/share/arm_urdf/local_setup.zsh
-- Up-to-date: /home/ibrahim/ASIMOV/install/arm_urdf/share/arm_urdf/local_setup.dsv
-- Up-to-date: /home/ibrahim/ASIMOV/install/arm_urdf/share/arm_urdf/package.dsv
-- Up-to-date: /home/ibrahim/ASIMOV/install/arm_urdf/share/ament_index/resource_index/packages/arm_urdf
-- Up-to-date: /home/ibrahim/ASIMOV/install/arm_urdf/share/arm_urdf/cmake/arm_urdfConfig.cmake
-- Up-to-date: /home/ibrahim/ASIMOV/install/arm_urdf/share/arm_urdf/cmake/arm_urdfConfig-version.cmake
-- Up-to-date: /home/ibrahim/ASIMOV/install/arm_urdf/share/arm_urdf/package.xml
