[0.022s] Invoking command in '/home/ibrahim/ASIMOV/build/arm_urdf': CMAKE_PREFIX_PATH=/opt/ros/humble /usr/bin/cmake --build /home/ibrahim/ASIMOV/build/arm_urdf -- -j4 -l4
[0.353s] Invoked command in '/home/ibrahim/ASIMOV/build/arm_urdf' returned '0': CMAKE_PREFIX_PATH=/opt/ros/humble /usr/bin/cmake --build /home/ibrahim/ASIMOV/build/arm_urdf -- -j4 -l4
[0.363s] Invoking command in '/home/ibrahim/ASIMOV/build/arm_urdf': CMAKE_PREFIX_PATH=/opt/ros/humble /usr/bin/cmake --install /home/ibrahim/ASIMOV/build/arm_urdf
[0.372s] -- Install configuration: ""
[0.372s] -- Up-to-date: /home/ibrahim/ASIMOV/install/arm_urdf/share/arm_urdf/config
[0.372s] -- Up-to-date: /home/ibrahim/ASIMOV/install/arm_urdf/share/arm_urdf/config/config.rviz
[0.372s] -- Up-to-date: /home/ibrahim/ASIMOV/install/arm_urdf/share/arm_urdf/config/joint_names_arm_urdf.yaml
[0.372s] -- Up-to-date: /home/ibrahim/ASIMOV/install/arm_urdf/share/arm_urdf/launch
[0.372s] -- Up-to-date: /home/ibrahim/ASIMOV/install/arm_urdf/share/arm_urdf/launch/display.launch.py
[0.373s] -- Up-to-date: /home/ibrahim/ASIMOV/install/arm_urdf/share/arm_urdf/meshes
[0.373s] -- Up-to-date: /home/ibrahim/ASIMOV/install/arm_urdf/share/arm_urdf/meshes/bicep.STL
[0.373s] -- Up-to-date: /home/ibrahim/ASIMOV/install/arm_urdf/share/arm_urdf/meshes/forearm.STL
[0.373s] -- Up-to-date: /home/ibrahim/ASIMOV/install/arm_urdf/share/arm_urdf/meshes/wrist.STL
[0.373s] -- Up-to-date: /home/ibrahim/ASIMOV/install/arm_urdf/share/arm_urdf/meshes/left_claw.STL
[0.373s] -- Up-to-date: /home/ibrahim/ASIMOV/install/arm_urdf/share/arm_urdf/meshes/base_link.STL
[0.373s] -- Up-to-date: /home/ibrahim/ASIMOV/install/arm_urdf/share/arm_urdf/meshes/right_claw.STL
[0.373s] -- Up-to-date: /home/ibrahim/ASIMOV/install/arm_urdf/share/arm_urdf/meshes/link_1.STL
[0.373s] -- Up-to-date: /home/ibrahim/ASIMOV/install/arm_urdf/share/arm_urdf/textures
[0.373s] -- Up-to-date: /home/ibrahim/ASIMOV/install/arm_urdf/share/arm_urdf/urdf
[0.373s] -- Up-to-date: /home/ibrahim/ASIMOV/install/arm_urdf/share/arm_urdf/urdf/arm_urdf.urdf
[0.373s] -- Up-to-date: /home/ibrahim/ASIMOV/install/arm_urdf/share/arm_urdf/urdf/arm_urdf.csv
[0.373s] -- Up-to-date: /home/ibrahim/ASIMOV/install/arm_urdf/share/ament_index/resource_index/package_run_dependencies/arm_urdf
[0.373s] -- Up-to-date: /home/ibrahim/ASIMOV/install/arm_urdf/share/ament_index/resource_index/parent_prefix_path/arm_urdf
[0.373s] -- Up-to-date: /home/ibrahim/ASIMOV/install/arm_urdf/share/arm_urdf/environment/ament_prefix_path.sh
[0.373s] -- Up-to-date: /home/ibrahim/ASIMOV/install/arm_urdf/share/arm_urdf/environment/ament_prefix_path.dsv
[0.373s] -- Up-to-date: /home/ibrahim/ASIMOV/install/arm_urdf/share/arm_urdf/environment/path.sh
[0.373s] -- Up-to-date: /home/ibrahim/ASIMOV/install/arm_urdf/share/arm_urdf/environment/path.dsv
[0.373s] -- Up-to-date: /home/ibrahim/ASIMOV/install/arm_urdf/share/arm_urdf/local_setup.bash
[0.373s] -- Up-to-date: /home/ibrahim/ASIMOV/install/arm_urdf/share/arm_urdf/local_setup.sh
[0.373s] -- Up-to-date: /home/ibrahim/ASIMOV/install/arm_urdf/share/arm_urdf/local_setup.zsh
[0.373s] -- Up-to-date: /home/ibrahim/ASIMOV/install/arm_urdf/share/arm_urdf/local_setup.dsv
[0.374s] -- Up-to-date: /home/ibrahim/ASIMOV/install/arm_urdf/share/arm_urdf/package.dsv
[0.374s] -- Up-to-date: /home/ibrahim/ASIMOV/install/arm_urdf/share/ament_index/resource_index/packages/arm_urdf
[0.374s] -- Up-to-date: /home/ibrahim/ASIMOV/install/arm_urdf/share/arm_urdf/cmake/arm_urdfConfig.cmake
[0.374s] -- Up-to-date: /home/ibrahim/ASIMOV/install/arm_urdf/share/arm_urdf/cmake/arm_urdfConfig-version.cmake
[0.374s] -- Up-to-date: /home/ibrahim/ASIMOV/install/arm_urdf/share/arm_urdf/package.xml
[0.379s] Invoked command in '/home/ibrahim/ASIMOV/build/arm_urdf' returned '0': CMAKE_PREFIX_PATH=/opt/ros/humble /usr/bin/cmake --install /home/ibrahim/ASIMOV/build/arm_urdf
