[0.607s] Invoking command in '/home/ibrahim/ASIMOV/src/controller': PYTHONPATH=/home/ibrahim/ASIMOV/build/controller/prefix_override:/usr/lib/python3/dist-packages/colcon_core/task/python/colcon_distutils_commands:/home/ibrahim/ASIMOV/install/controller/lib/python3.10/site-packages:${PYTHONPATH} /usr/bin/python3 -W ignore:setup.py install is deprecated -W ignore:easy_install command is deprecated setup.py egg_info --egg-base ../../build/controller build --build-base /home/ibrahim/ASIMOV/build/controller/build install --record /home/ibrahim/ASIMOV/build/controller/install.log --single-version-externally-managed install_data
[0.759s] running egg_info
[0.759s] writing ../../build/controller/controller.egg-info/PKG-INFO
[0.761s] writing dependency_links to ../../build/controller/controller.egg-info/dependency_links.txt
[0.761s] writing entry points to ../../build/controller/controller.egg-info/entry_points.txt
[0.761s] writing requirements to ../../build/controller/controller.egg-info/requires.txt
[0.762s] writing top-level names to ../../build/controller/controller.egg-info/top_level.txt
[0.762s] reading manifest file '../../build/controller/controller.egg-info/SOURCES.txt'
[0.763s] writing manifest file '../../build/controller/controller.egg-info/SOURCES.txt'
[0.763s] running build
[0.763s] running build_py
[0.763s] running install
[0.764s] running install_lib
[0.765s] running install_data
[0.765s] running install_egg_info
[0.766s] removing '/home/ibrahim/ASIMOV/install/controller/lib/python3.10/site-packages/controller-0.0.0-py3.10.egg-info' (and everything under it)
[0.766s] Copying ../../build/controller/controller.egg-info to /home/ibrahim/ASIMOV/install/controller/lib/python3.10/site-packages/controller-0.0.0-py3.10.egg-info
[0.767s] running install_scripts
[0.782s] Installing arm_driver script to /home/ibrahim/ASIMOV/install/controller/lib/controller
[0.783s] Installing joystick script to /home/ibrahim/ASIMOV/install/controller/lib/controller
[0.783s] Installing keyboard_node script to /home/ibrahim/ASIMOV/install/controller/lib/controller
[0.783s] Installing motor script to /home/ibrahim/ASIMOV/install/controller/lib/controller
[0.783s] Installing motor_driver script to /home/ibrahim/ASIMOV/install/controller/lib/controller
[0.783s] writing list of installed files to '/home/ibrahim/ASIMOV/build/controller/install.log'
[0.803s] Invoked command in '/home/ibrahim/ASIMOV/src/controller' returned '0': PYTHONPATH=/home/ibrahim/ASIMOV/build/controller/prefix_override:/usr/lib/python3/dist-packages/colcon_core/task/python/colcon_distutils_commands:/home/ibrahim/ASIMOV/install/controller/lib/python3.10/site-packages:${PYTHONPATH} /usr/bin/python3 -W ignore:setup.py install is deprecated -W ignore:easy_install command is deprecated setup.py egg_info --egg-base ../../build/controller build --build-base /home/ibrahim/ASIMOV/build/controller/build install --record /home/ibrahim/ASIMOV/build/controller/install.log --single-version-externally-managed install_data
