[0.017s] Invoking command in '/home/ibrahim/ASIMOV/build/arm_urdf': CMAKE_PREFIX_PATH=/opt/ros/humble /usr/bin/cmake /home/ibrahim/ASIMOV/src/arm_urdf -DCMAKE_INSTALL_PREFIX=/home/ibrahim/ASIMOV/install/arm_urdf
[0.185s] -- The C compiler identification is GNU 11.4.0
[0.185s] -- The CXX compiler identification is GNU 11.4.0
[0.186s] -- Detecting C compiler ABI info
[0.226s] -- Detecting C compiler ABI info - done
[0.228s] -- Check for working C compiler: /usr/bin/cc - skipped
[0.228s] -- Detecting C compile features
[0.228s] -- Detecting C compile features - done
[0.230s] -- Detecting CXX compiler ABI info
[0.352s] -- Detecting CXX compiler ABI info - done
[0.361s] -- Check for working CXX compiler: /usr/bin/c++ - skipped
[0.365s] -- Detecting CXX compile features
[0.365s] -- Detecting CXX compile features - done
[0.374s] -- Found ament_cmake: 1.3.11 (/opt/ros/humble/share/ament_cmake/cmake)
[0.578s] -- Found Python3: /usr/bin/python3 (found version "3.10.12") found components: Interpreter 
[0.826s] -- Configuring done
[0.829s] -- Generating done
[0.834s] -- Build files have been written to: /home/ibrahim/ASIMOV/build/arm_urdf
[0.839s] Invoked command in '/home/ibrahim/ASIMOV/build/arm_urdf' returned '0': CMAKE_PREFIX_PATH=/opt/ros/humble /usr/bin/cmake /home/ibrahim/ASIMOV/src/arm_urdf -DCMAKE_INSTALL_PREFIX=/home/ibrahim/ASIMOV/install/arm_urdf
[0.841s] Invoking command in '/home/ibrahim/ASIMOV/build/arm_urdf': CMAKE_PREFIX_PATH=/opt/ros/humble /usr/bin/cmake --build /home/ibrahim/ASIMOV/build/arm_urdf -- -j4 -l4
[0.918s] Invoked command in '/home/ibrahim/ASIMOV/build/arm_urdf' returned '0': CMAKE_PREFIX_PATH=/opt/ros/humble /usr/bin/cmake --build /home/ibrahim/ASIMOV/build/arm_urdf -- -j4 -l4
[0.930s] Invoking command in '/home/ibrahim/ASIMOV/build/arm_urdf': CMAKE_PREFIX_PATH=/opt/ros/humble /usr/bin/cmake --install /home/ibrahim/ASIMOV/build/arm_urdf
[0.940s] -- Install configuration: ""
[0.940s] -- Installing: /home/ibrahim/ASIMOV/install/arm_urdf/share/arm_urdf/config
[0.952s] -- Installing: /home/ibrahim/ASIMOV/install/arm_urdf/share/arm_urdf/config/config.rviz
[0.952s] -- Installing: /home/ibrahim/ASIMOV/install/arm_urdf/share/arm_urdf/config/joint_names_arm_urdf.yaml
[0.952s] -- Installing: /home/ibrahim/ASIMOV/install/arm_urdf/share/arm_urdf/launch
[0.952s] -- Installing: /home/ibrahim/ASIMOV/install/arm_urdf/share/arm_urdf/launch/display.launch.py
[0.953s] -- Installing: /home/ibrahim/ASIMOV/install/arm_urdf/share/arm_urdf/meshes
[0.953s] -- Installing: /home/ibrahim/ASIMOV/install/arm_urdf/share/arm_urdf/meshes/bicep.STL
[0.954s] -- Installing: /home/ibrahim/ASIMOV/install/arm_urdf/share/arm_urdf/meshes/forearm.STL
[0.982s] -- Installing: /home/ibrahim/ASIMOV/install/arm_urdf/share/arm_urdf/meshes/wrist.STL
[0.987s] -- Installing: /home/ibrahim/ASIMOV/install/arm_urdf/share/arm_urdf/meshes/left_claw.STL
[0.990s] -- Installing: /home/ibrahim/ASIMOV/install/arm_urdf/share/arm_urdf/meshes/base_link.STL
[1.022s] -- Installing: /home/ibrahim/ASIMOV/install/arm_urdf/share/arm_urdf/meshes/right_claw.STL
[1.022s] -- Installing: /home/ibrahim/ASIMOV/install/arm_urdf/share/arm_urdf/meshes/link_1.STL
[1.043s] -- Installing: /home/ibrahim/ASIMOV/install/arm_urdf/share/arm_urdf/textures
[1.043s] -- Installing: /home/ibrahim/ASIMOV/install/arm_urdf/share/arm_urdf/urdf
[1.043s] -- Installing: /home/ibrahim/ASIMOV/install/arm_urdf/share/arm_urdf/urdf/arm_urdf.urdf
[1.043s] -- Installing: /home/ibrahim/ASIMOV/install/arm_urdf/share/arm_urdf/urdf/arm_urdf.csv
[1.043s] -- Installing: /home/ibrahim/ASIMOV/install/arm_urdf/share/ament_index/resource_index/package_run_dependencies/arm_urdf
[1.045s] -- Installing: /home/ibrahim/ASIMOV/install/arm_urdf/share/ament_index/resource_index/parent_prefix_path/arm_urdf
[1.045s] -- Installing: /home/ibrahim/ASIMOV/install/arm_urdf/share/arm_urdf/environment/ament_prefix_path.sh
[1.046s] -- Installing: /home/ibrahim/ASIMOV/install/arm_urdf/share/arm_urdf/environment/ament_prefix_path.dsv
[1.046s] -- Installing: /home/ibrahim/ASIMOV/install/arm_urdf/share/arm_urdf/environment/path.sh
[1.050s] -- Installing: /home/ibrahim/ASIMOV/install/arm_urdf/share/arm_urdf/environment/path.dsv
[1.050s] -- Installing: /home/ibrahim/ASIMOV/install/arm_urdf/share/arm_urdf/local_setup.bash
[1.050s] -- Installing: /home/ibrahim/ASIMOV/install/arm_urdf/share/arm_urdf/local_setup.sh
[1.050s] -- Installing: /home/ibrahim/ASIMOV/install/arm_urdf/share/arm_urdf/local_setup.zsh
[1.050s] -- Installing: /home/ibrahim/ASIMOV/install/arm_urdf/share/arm_urdf/local_setup.dsv
[1.050s] -- Installing: /home/ibrahim/ASIMOV/install/arm_urdf/share/arm_urdf/package.dsv
[1.051s] -- Installing: /home/ibrahim/ASIMOV/install/arm_urdf/share/ament_index/resource_index/packages/arm_urdf
[1.051s] -- Installing: /home/ibrahim/ASIMOV/install/arm_urdf/share/arm_urdf/cmake/arm_urdfConfig.cmake
[1.055s] -- Installing: /home/ibrahim/ASIMOV/install/arm_urdf/share/arm_urdf/cmake/arm_urdfConfig-version.cmake
[1.055s] -- Installing: /home/ibrahim/ASIMOV/install/arm_urdf/share/arm_urdf/package.xml
[1.071s] Invoked command in '/home/ibrahim/ASIMOV/build/arm_urdf' returned '0': CMAKE_PREFIX_PATH=/opt/ros/humble /usr/bin/cmake --install /home/ibrahim/ASIMOV/build/arm_urdf
